<?xml version="1.0" encoding="UTF-8"?>
<testng-results skipped="0" failed="1" ignored="0" total="8" passed="7">
  <reporter-output>
  </reporter-output>
  <suite name="Suite" duration-ms="3401330" started-at="2021-08-26T05:59:12Z" finished-at="2021-08-26T06:55:54Z">
    <groups>
    </groups>
    <test name="SGA Role" duration-ms="3401330" started-at="2021-08-26T05:59:12Z" finished-at="2021-08-26T06:55:54Z">
      <class name="TrainingModuleRAdmin">
        <test-method status="PASS" signature="setUp()[pri:0, instance:TrainingModuleRAdmin@1a6cf7d0]" name="setUp" is-config="true" duration-ms="1434" started-at="2021-08-26T06:12:46Z" finished-at="2021-08-26T06:12:48Z">
          <reporter-output>
          </reporter-output>
        </test-method> <!-- setUp -->
        <test-method status="PASS" signature="IsonLogin()[pri:0, instance:TrainingModuleRAdmin@1a6cf7d0]" name="IsonLogin" duration-ms="1426817" started-at="2021-08-26T06:12:48Z" finished-at="2021-08-26T06:36:34Z">
          <reporter-output>
          </reporter-output>
        </test-method> <!-- IsonLogin -->
        <test-method status="PASS" signature="tearDown()[pri:0, instance:TrainingModuleRAdmin@1a6cf7d0]" name="tearDown" is-config="true" duration-ms="826" started-at="2021-08-26T06:36:34Z" finished-at="2021-08-26T06:36:35Z">
          <reporter-output>
          </reporter-output>
        </test-method> <!-- tearDown -->
      </class> <!-- TrainingModuleRAdmin -->
      <class name="trainingOverviewDashboardSiteHead">
        <test-method status="PASS" signature="setUp()[pri:0, instance:trainingOverviewDashboardSiteHead@764bd428]" name="setUp" is-config="true" duration-ms="1304" started-at="2021-08-26T06:17:36Z" finished-at="2021-08-26T06:17:37Z">
          <reporter-output>
          </reporter-output>
        </test-method> <!-- setUp -->
        <test-method status="PASS" signature="testtrainingOverviewDashboard()[pri:0, instance:trainingOverviewDashboardSiteHead@764bd428]" name="testtrainingOverviewDashboard" duration-ms="32819" started-at="2021-08-26T06:17:37Z" finished-at="2021-08-26T06:18:10Z">
          <reporter-output>
          </reporter-output>
        </test-method> <!-- testtrainingOverviewDashboard -->
        <test-method status="PASS" signature="tearDown()[pri:0, instance:trainingOverviewDashboardSiteHead@764bd428]" name="tearDown" is-config="true" duration-ms="699" started-at="2021-08-26T06:18:10Z" finished-at="2021-08-26T06:18:10Z">
          <reporter-output>
          </reporter-output>
        </test-method> <!-- tearDown -->
      </class> <!-- trainingOverviewDashboardSiteHead -->
      <class name="TrainingModuleSDHead">
        <test-method status="PASS" signature="setUp()[pri:0, instance:TrainingModuleSDHead@2c3abad6]" name="setUp" is-config="true" duration-ms="1239" started-at="2021-08-26T06:18:10Z" finished-at="2021-08-26T06:18:12Z">
          <reporter-output>
          </reporter-output>
        </test-method> <!-- setUp -->
        <test-method status="FAIL" signature="IsonLogin()[pri:0, instance:TrainingModuleSDHead@2c3abad6]" name="IsonLogin" duration-ms="744017" started-at="2021-08-26T06:18:12Z" finished-at="2021-08-26T06:30:36Z">
          <exception class="org.openqa.selenium.NoSuchElementException">
            <message>
              <![CDATA[no such element: Unable to locate element: {"method":"xpath","selector":"//button[@title='Close']/span[1]"}
  (Session info: chrome=92.0.4515.131)
For documentation on this error, please visit: https://www.seleniumhq.org/exceptions/no_such_element.html
Build info: version: '3.141.59', revision: 'e82be7d358', time: '2018-11-14T08:17:03'
System info: host: 'DESKTOP-F3C6V38', ip: '192.168.75.1', os.name: 'Windows 10', os.arch: 'amd64', os.version: '10.0', java.version: '1.8.0_241'
Driver info: org.openqa.selenium.chrome.ChromeDriver
Capabilities {acceptInsecureCerts: true, browserName: chrome, browserVersion: 92.0.4515.131, chrome: {chromedriverVersion: 91.0.4472.19 (1bf021f248676..., userDataDir: C:\Windows\TEMP\scoped_dir2...}, goog:chromeOptions: {debuggerAddress: localhost:62809}, javascriptEnabled: true, networkConnectionEnabled: false, pageLoadStrategy: normal, platform: WINDOWS, platformName: WINDOWS, proxy: Proxy(), setWindowRect: true, strictFileInteractability: false, timeouts: {implicit: 0, pageLoad: 300000, script: 30000}, unhandledPromptBehavior: dismiss and notify, webauthn:extension:largeBlob: true, webauthn:virtualAuthenticators: true}
Session ID: a921db748c96a409505542c300c2803a
*** Element info: {Using=xpath, value=//button[@title='Close']/span[1]}]]>
            </message>
            <full-stacktrace>
              <![CDATA[org.openqa.selenium.NoSuchElementException: no such element: Unable to locate element: {"method":"xpath","selector":"//button[@title='Close']/span[1]"}
  (Session info: chrome=92.0.4515.131)
For documentation on this error, please visit: https://www.seleniumhq.org/exceptions/no_such_element.html
Build info: version: '3.141.59', revision: 'e82be7d358', time: '2018-11-14T08:17:03'
System info: host: 'DESKTOP-F3C6V38', ip: '192.168.75.1', os.name: 'Windows 10', os.arch: 'amd64', os.version: '10.0', java.version: '1.8.0_241'
Driver info: org.openqa.selenium.chrome.ChromeDriver
Capabilities {acceptInsecureCerts: true, browserName: chrome, browserVersion: 92.0.4515.131, chrome: {chromedriverVersion: 91.0.4472.19 (1bf021f248676..., userDataDir: C:\Windows\TEMP\scoped_dir2...}, goog:chromeOptions: {debuggerAddress: localhost:62809}, javascriptEnabled: true, networkConnectionEnabled: false, pageLoadStrategy: normal, platform: WINDOWS, platformName: WINDOWS, proxy: Proxy(), setWindowRect: true, strictFileInteractability: false, timeouts: {implicit: 0, pageLoad: 300000, script: 30000}, unhandledPromptBehavior: dismiss and notify, webauthn:extension:largeBlob: true, webauthn:virtualAuthenticators: true}
Session ID: a921db748c96a409505542c300c2803a
*** Element info: {Using=xpath, value=//button[@title='Close']/span[1]}
at sun.reflect.NativeConstructorAccessorImpl.newInstance0(Native Method)
at sun.reflect.NativeConstructorAccessorImpl.newInstance(NativeConstructorAccessorImpl.java:62)
at sun.reflect.DelegatingConstructorAccessorImpl.newInstance(DelegatingConstructorAccessorImpl.java:45)
at java.lang.reflect.Constructor.newInstance(Constructor.java:423)
at org.openqa.selenium.remote.http.W3CHttpResponseCodec.createException(W3CHttpResponseCodec.java:187)
at org.openqa.selenium.remote.http.W3CHttpResponseCodec.decode(W3CHttpResponseCodec.java:122)
at org.openqa.selenium.remote.http.W3CHttpResponseCodec.decode(W3CHttpResponseCodec.java:49)
at org.openqa.selenium.remote.HttpCommandExecutor.execute(HttpCommandExecutor.java:158)
at org.openqa.selenium.remote.service.DriverCommandExecutor.execute(DriverCommandExecutor.java:83)
at org.openqa.selenium.remote.RemoteWebDriver.execute(RemoteWebDriver.java:552)
at org.openqa.selenium.remote.RemoteWebDriver.findElement(RemoteWebDriver.java:323)
at org.openqa.selenium.remote.RemoteWebDriver.findElementByXPath(RemoteWebDriver.java:428)
at org.openqa.selenium.By$ByXPath.findElement(By.java:353)
at org.openqa.selenium.remote.RemoteWebDriver.findElement(RemoteWebDriver.java:315)
at TrainingModuleSDHead.IsonLogin(TrainingModuleSDHead.java:326)
at sun.reflect.NativeMethodAccessorImpl.invoke0(Native Method)
at sun.reflect.NativeMethodAccessorImpl.invoke(NativeMethodAccessorImpl.java:62)
at sun.reflect.DelegatingMethodAccessorImpl.invoke(DelegatingMethodAccessorImpl.java:43)
at java.lang.reflect.Method.invoke(Method.java:498)
at org.testng.internal.MethodInvocationHelper.invokeMethod(MethodInvocationHelper.java:124)
at org.testng.internal.Invoker.invokeMethod(Invoker.java:583)
at org.testng.internal.Invoker.invokeTestMethod(Invoker.java:719)
at org.testng.internal.Invoker.invokeTestMethods(Invoker.java:989)
at org.testng.internal.TestMethodWorker.invokeTestMethods(TestMethodWorker.java:125)
at org.testng.internal.TestMethodWorker.run(TestMethodWorker.java:109)
at java.util.concurrent.ThreadPoolExecutor.runWorker(ThreadPoolExecutor.java:1149)
at java.util.concurrent.ThreadPoolExecutor$Worker.run(ThreadPoolExecutor.java:624)
at java.lang.Thread.run(Thread.java:748)
]]>
            </full-stacktrace>
          </exception> <!-- org.openqa.selenium.NoSuchElementException -->
          <reporter-output>
          </reporter-output>
        </test-method> <!-- IsonLogin -->
        <test-method status="PASS" signature="tearDown()[pri:0, instance:TrainingModuleSDHead@2c3abad6]" name="tearDown" is-config="true" duration-ms="791" started-at="2021-08-26T06:30:36Z" finished-at="2021-08-26T06:30:36Z">
          <reporter-output>
          </reporter-output>
        </test-method> <!-- tearDown -->
      </class> <!-- TrainingModuleSDHead -->
      <class name="trainingOverviewDashboardGuestOne">
        <test-method status="PASS" signature="setUp()[pri:0, instance:trainingOverviewDashboardGuestOne@60918b4e]" name="setUp" is-config="true" duration-ms="2577" started-at="2021-08-26T05:59:12Z" finished-at="2021-08-26T05:59:15Z">
          <reporter-output>
          </reporter-output>
        </test-method> <!-- setUp -->
        <test-method status="PASS" signature="testtrainingOverviewDashboard()[pri:0, instance:trainingOverviewDashboardGuestOne@60918b4e]" name="testtrainingOverviewDashboard" duration-ms="42566" started-at="2021-08-26T05:59:15Z" finished-at="2021-08-26T05:59:57Z">
          <reporter-output>
          </reporter-output>
        </test-method> <!-- testtrainingOverviewDashboard -->
        <test-method status="PASS" signature="tearDown()[pri:0, instance:trainingOverviewDashboardGuestOne@60918b4e]" name="tearDown" is-config="true" duration-ms="934" started-at="2021-08-26T05:59:57Z" finished-at="2021-08-26T05:59:58Z">
          <reporter-output>
          </reporter-output>
        </test-method> <!-- tearDown -->
      </class> <!-- trainingOverviewDashboardGuestOne -->
      <class name="TrainingModule">
        <test-method status="PASS" signature="setUp()[pri:0, instance:TrainingModule@5f70ab7c]" name="setUp" is-config="true" duration-ms="4926" started-at="2021-08-26T05:59:58Z" finished-at="2021-08-26T06:00:03Z">
          <reporter-output>
          </reporter-output>
        </test-method> <!-- setUp -->
        <test-method status="PASS" signature="IsonLogin()[pri:0, instance:TrainingModule@5f70ab7c]" name="IsonLogin" duration-ms="1051431" started-at="2021-08-26T06:00:03Z" finished-at="2021-08-26T06:17:35Z">
          <reporter-output>
          </reporter-output>
        </test-method> <!-- IsonLogin -->
        <test-method status="PASS" signature="tearDown()[pri:0, instance:TrainingModule@5f70ab7c]" name="tearDown" is-config="true" duration-ms="857" started-at="2021-08-26T06:17:35Z" finished-at="2021-08-26T06:17:36Z">
          <reporter-output>
          </reporter-output>
        </test-method> <!-- tearDown -->
      </class> <!-- TrainingModule -->
      <class name="TrainingModuleTrainer">
        <test-method status="PASS" signature="setUp()[pri:0, instance:TrainingModuleTrainer@32850b89]" name="setUp" is-config="true" duration-ms="1299" started-at="2021-08-26T06:30:36Z" finished-at="2021-08-26T06:30:38Z">
          <reporter-output>
          </reporter-output>
        </test-method> <!-- setUp -->
        <test-method status="PASS" signature="IsonLogin()[pri:0, instance:TrainingModuleTrainer@32850b89]" name="IsonLogin" duration-ms="1515044" started-at="2021-08-26T06:30:38Z" finished-at="2021-08-26T06:55:53Z">
          <reporter-output>
          </reporter-output>
        </test-method> <!-- IsonLogin -->
        <test-method status="PASS" signature="tearDown()[pri:0, instance:TrainingModuleTrainer@32850b89]" name="tearDown" is-config="true" duration-ms="808" started-at="2021-08-26T06:55:53Z" finished-at="2021-08-26T06:55:54Z">
          <reporter-output>
          </reporter-output>
        </test-method> <!-- tearDown -->
      </class> <!-- TrainingModuleTrainer -->
      <class name="AssessmentModule">
        <test-method status="PASS" signature="setUp()[pri:0, instance:AssessmentModule@268b2aee]" name="setUp" is-config="true" duration-ms="2511" started-at="2021-08-26T05:59:12Z" finished-at="2021-08-26T05:59:15Z">
          <reporter-output>
          </reporter-output>
        </test-method> <!-- setUp -->
        <test-method status="PASS" signature="testAssessment()[pri:0, instance:AssessmentModule@268b2aee]" name="testAssessment" duration-ms="743319" started-at="2021-08-26T05:59:15Z" finished-at="2021-08-26T06:11:38Z">
          <reporter-output>
          </reporter-output>
        </test-method> <!-- testAssessment -->
        <test-method status="PASS" signature="tearDown()[pri:0, instance:AssessmentModule@268b2aee]" name="tearDown" is-config="true" duration-ms="861" started-at="2021-08-26T06:11:38Z" finished-at="2021-08-26T06:11:39Z">
          <reporter-output>
          </reporter-output>
        </test-method> <!-- tearDown -->
      </class> <!-- AssessmentModule -->
      <class name="searchUsers">
        <test-method status="PASS" signature="setUp()[pri:0, instance:searchUsers@654f7dcd]" name="setUp" is-config="true" duration-ms="1347" started-at="2021-08-26T06:11:39Z" finished-at="2021-08-26T06:11:40Z">
          <reporter-output>
          </reporter-output>
        </test-method> <!-- setUp -->
        <test-method status="PASS" signature="testSearchUsers()[pri:0, instance:searchUsers@654f7dcd]" name="testSearchUsers" duration-ms="65183" started-at="2021-08-26T06:11:40Z" finished-at="2021-08-26T06:12:45Z">
          <reporter-output>
          </reporter-output>
        </test-method> <!-- testSearchUsers -->
        <test-method status="PASS" signature="tearDown()[pri:0, instance:searchUsers@654f7dcd]" name="tearDown" is-config="true" duration-ms="704" started-at="2021-08-26T06:12:45Z" finished-at="2021-08-26T06:12:46Z">
          <reporter-output>
          </reporter-output>
        </test-method> <!-- tearDown -->
      </class> <!-- searchUsers -->
    </test> <!-- SGA Role -->
  </suite> <!-- Suite -->
</testng-results>
