<?xml version="1.0" encoding="UTF-8"?>
<testng-results ignored="0" total="1" passed="1" failed="0" skipped="0">
  <reporter-output>
  </reporter-output>
  <suite started-at="2021-08-26T05:43:12Z" name="Default suite" finished-at="2021-08-26T05:46:02Z" duration-ms="169681">
    <groups>
    </groups>
    <test started-at="2021-08-26T05:43:12Z" name="Default test" finished-at="2021-08-26T05:46:02Z" duration-ms="169681">
      <class name="searchTraining">
        <test-method is-config="true" signature="setUp()[pri:0, instance:searchTraining@df6620a]" started-at="2021-08-26T05:43:12Z" name="setUp" finished-at="2021-08-26T05:43:14Z" duration-ms="2075" status="PASS">
          <reporter-output>
          </reporter-output>
        </test-method> <!-- setUp -->
        <test-method signature="testSearchTraining()[pri:0, instance:searchTraining@df6620a]" started-at="2021-08-26T05:43:14Z" name="testSearchTraining" finished-at="2021-08-26T05:46:01Z" duration-ms="166759" status="PASS">
          <reporter-output>
          </reporter-output>
        </test-method> <!-- testSearchTraining -->
        <test-method is-config="true" signature="tearDown()[pri:0, instance:searchTraining@df6620a]" started-at="2021-08-26T05:46:01Z" name="tearDown" finished-at="2021-08-26T05:46:02Z" duration-ms="820" status="PASS">
          <reporter-output>
          </reporter-output>
        </test-method> <!-- tearDown -->
      </class> <!-- searchTraining -->
    </test> <!-- Default test -->
  </suite> <!-- Default suite -->
</testng-results>
